Started GET "/" for 127.0.0.1 at 2017-12-22 23:27:13 -0500
Processing by Rails::WelcomeController#index as HTML
  Rendering /Users/Stephen/.rvm/gems/ruby-2.4.3/gems/railties-5.1.4/lib/rails/templates/rails/welcome/index.html.erb
  Rendered /Users/Stephen/.rvm/gems/ruby-2.4.3/gems/railties-5.1.4/lib/rails/templates/rails/welcome/index.html.erb (7.7ms)
Completed 200 OK in 590ms (Views: 24.7ms)


Started GET "/" for 127.0.0.1 at 2017-12-22 23:27:23 -0500
Processing by Rails::WelcomeController#index as HTML
  Rendering /Users/Stephen/.rvm/gems/ruby-2.4.3/gems/railties-5.1.4/lib/rails/templates/rails/welcome/index.html.erb
  Rendered /Users/Stephen/.rvm/gems/ruby-2.4.3/gems/railties-5.1.4/lib/rails/templates/rails/welcome/index.html.erb (2.2ms)
Completed 200 OK in 9ms (Views: 5.3ms)


Started GET "/" for 127.0.0.1 at 2017-12-22 23:42:31 -0500
Processing by WelcomeController#index as HTML
  Rendering welcome/index.html.erb within layouts/application
  Rendered welcome/index.html.erb within layouts/application (4.0ms)
Completed 200 OK in 650ms (Views: 502.7ms)


Started GET "/" for 127.0.0.1 at 2017-12-23 01:01:42 -0500
Processing by WelcomeController#index as HTML
  Rendering welcome/index.html.erb within layouts/application
  Rendered welcome/index.html.erb within layouts/application (4.5ms)
Completed 200 OK in 973ms (Views: 397.9ms)


Started GET "/articles/new" for 127.0.0.1 at 2017-12-23 01:09:26 -0500
  
ActionController::RoutingError (uninitialized constant ArticlesController):
  
activesupport (5.1.4) lib/active_support/inflector/methods.rb:269:in `const_get'
activesupport (5.1.4) lib/active_support/inflector/methods.rb:269:in `block in constantize'
activesupport (5.1.4) lib/active_support/inflector/methods.rb:267:in `each'
activesupport (5.1.4) lib/active_support/inflector/methods.rb:267:in `inject'
activesupport (5.1.4) lib/active_support/inflector/methods.rb:267:in `constantize'
actionpack (5.1.4) lib/action_dispatch/http/request.rb:85:in `controller_class_for'
actionpack (5.1.4) lib/action_dispatch/http/request.rb:78:in `controller_class'
actionpack (5.1.4) lib/action_dispatch/routing/route_set.rb:43:in `controller'
actionpack (5.1.4) lib/action_dispatch/routing/route_set.rb:29:in `serve'
actionpack (5.1.4) lib/action_dispatch/journey/router.rb:50:in `block in serve'
actionpack (5.1.4) lib/action_dispatch/journey/router.rb:33:in `each'
actionpack (5.1.4) lib/action_dispatch/journey/router.rb:33:in `serve'
actionpack (5.1.4) lib/action_dispatch/routing/route_set.rb:834:in `call'
rack (2.0.3) lib/rack/etag.rb:25:in `call'
rack (2.0.3) lib/rack/conditional_get.rb:25:in `call'
rack (2.0.3) lib/rack/head.rb:12:in `call'
rack (2.0.3) lib/rack/session/abstract/id.rb:232:in `context'
rack (2.0.3) lib/rack/session/abstract/id.rb:226:in `call'
actionpack (5.1.4) lib/action_dispatch/middleware/cookies.rb:613:in `call'
activerecord (5.1.4) lib/active_record/migration.rb:556:in `call'
actionpack (5.1.4) lib/action_dispatch/middleware/callbacks.rb:26:in `block in call'
activesupport (5.1.4) lib/active_support/callbacks.rb:97:in `run_callbacks'
actionpack (5.1.4) lib/action_dispatch/middleware/callbacks.rb:24:in `call'
actionpack (5.1.4) lib/action_dispatch/middleware/executor.rb:12:in `call'
actionpack (5.1.4) lib/action_dispatch/middleware/debug_exceptions.rb:59:in `call'
web-console (3.5.1) lib/web_console/middleware.rb:135:in `call_app'
web-console (3.5.1) lib/web_console/middleware.rb:28:in `block in call'
web-console (3.5.1) lib/web_console/middleware.rb:18:in `catch'
web-console (3.5.1) lib/web_console/middleware.rb:18:in `call'
actionpack (5.1.4) lib/action_dispatch/middleware/show_exceptions.rb:31:in `call'
railties (5.1.4) lib/rails/rack/logger.rb:36:in `call_app'
railties (5.1.4) lib/rails/rack/logger.rb:24:in `block in call'
activesupport (5.1.4) lib/active_support/tagged_logging.rb:69:in `block in tagged'
activesupport (5.1.4) lib/active_support/tagged_logging.rb:26:in `tagged'
activesupport (5.1.4) lib/active_support/tagged_logging.rb:69:in `tagged'
railties (5.1.4) lib/rails/rack/logger.rb:24:in `call'
sprockets-rails (3.2.1) lib/sprockets/rails/quiet_assets.rb:13:in `call'
actionpack (5.1.4) lib/action_dispatch/middleware/remote_ip.rb:79:in `call'
actionpack (5.1.4) lib/action_dispatch/middleware/request_id.rb:25:in `call'
rack (2.0.3) lib/rack/method_override.rb:22:in `call'
rack (2.0.3) lib/rack/runtime.rb:22:in `call'
activesupport (5.1.4) lib/active_support/cache/strategy/local_cache_middleware.rb:27:in `call'
actionpack (5.1.4) lib/action_dispatch/middleware/executor.rb:12:in `call'
actionpack (5.1.4) lib/action_dispatch/middleware/static.rb:125:in `call'
rack (2.0.3) lib/rack/sendfile.rb:111:in `call'
railties (5.1.4) lib/rails/engine.rb:522:in `call'
puma (3.11.0) lib/puma/configuration.rb:225:in `call'
puma (3.11.0) lib/puma/server.rb:624:in `handle_request'
puma (3.11.0) lib/puma/server.rb:438:in `process_client'
puma (3.11.0) lib/puma/server.rb:302:in `block in run'
puma (3.11.0) lib/puma/thread_pool.rb:120:in `block in spawn_thread'
Started GET "/" for 127.0.0.1 at 2017-12-23 01:11:34 -0500
Processing by WelcomeController#index as HTML
  Rendering welcome/index.html.erb within layouts/application
  Rendered welcome/index.html.erb within layouts/application (4.1ms)
Completed 200 OK in 934ms (Views: 374.6ms)


Started GET "/" for 127.0.0.1 at 2017-12-23 01:20:56 -0500
Processing by WelcomeController#index as HTML
  Rendering welcome/index.html.erb within layouts/application
  Rendered welcome/index.html.erb within layouts/application (4.0ms)
Completed 200 OK in 971ms (Views: 384.2ms)


Started GET "/" for 127.0.0.1 at 2017-12-23 01:21:05 -0500
Processing by WelcomeController#index as HTML
  Rendering welcome/index.html.erb within layouts/application
  Rendered welcome/index.html.erb within layouts/application (0.5ms)
Completed 200 OK in 33ms (Views: 29.9ms)


Started GET "/articles/new" for 127.0.0.1 at 2017-12-23 01:21:09 -0500
Processing by ArticlesController#new as HTML
  Rendering articles/new within layouts/application
  Rendered articles/new within layouts/application (0.3ms)
Completed 200 OK in 25ms (Views: 18.4ms)


Started GET "/articles/new" for 127.0.0.1 at 2017-12-23 01:22:22 -0500
Processing by ArticlesController#new as HTML
  Rendering articles/new within layouts/application
  Rendered articles/new within layouts/application (0.3ms)
Completed 200 OK in 20ms (Views: 17.6ms)


Started GET "/articles/new" for 127.0.0.1 at 2017-12-23 01:22:25 -0500
Processing by ArticlesController#new as HTML
  Rendering articles/new within layouts/application
  Rendered articles/new within layouts/application (0.3ms)
Completed 200 OK in 23ms (Views: 21.3ms)


Started GET "/articles/new" for 127.0.0.1 at 2017-12-23 01:23:03 -0500
Processing by ArticlesController#new as HTML
  Rendering articles/new.html.erb within layouts/application
  Rendered articles/new.html.erb within layouts/application (47.9ms)
Completed 200 OK in 103ms (Views: 101.2ms)


Started GET "/articles/new" for 127.0.0.1 at 2017-12-23 01:23:07 -0500
Processing by ArticlesController#new as HTML
  Rendering articles/new.html.erb within layouts/application
  Rendered articles/new.html.erb within layouts/application (1.4ms)
Completed 200 OK in 21ms (Views: 19.0ms)


Started GET "/articles/new" for 127.0.0.1 at 2017-12-23 01:24:41 -0500
Processing by ArticlesController#new as HTML
  Rendering articles/new.html.erb within layouts/application
  Rendered articles/new.html.erb within layouts/application (1.7ms)
Completed 200 OK in 24ms (Views: 20.8ms)


Started GET "/articles/new" for 127.0.0.1 at 2017-12-23 01:24:52 -0500
Processing by ArticlesController#new as HTML
  Rendering articles/new.html.erb within layouts/application
  Rendered articles/new.html.erb within layouts/application (1.8ms)
Completed 200 OK in 24ms (Views: 21.8ms)


Started GET "/articles/new" for 127.0.0.1 at 2017-12-23 01:25:02 -0500
Processing by ArticlesController#new as HTML
  Rendering articles/new.html.erb within layouts/application
  Rendered articles/new.html.erb within layouts/application (1.7ms)
Completed 200 OK in 34ms (Views: 31.6ms)


Started GET "/articles/new" for 127.0.0.1 at 2017-12-23 01:25:09 -0500
Processing by ArticlesController#new as HTML
  Rendering articles/new.html.erb within layouts/application
  Rendered articles/new.html.erb within layouts/application (1.5ms)
Completed 200 OK in 23ms (Views: 20.5ms)


Started GET "/articles/new" for 127.0.0.1 at 2017-12-23 01:25:26 -0500
Processing by ArticlesController#new as HTML
  Rendering articles/new.html.erb within layouts/application
  Rendered articles/new.html.erb within layouts/application (2.0ms)
Completed 200 OK in 25ms (Views: 21.5ms)


Started GET "/" for 127.0.0.1 at 2017-12-23 01:29:18 -0500
Processing by WelcomeController#index as HTML
  Rendering welcome/index.html.erb within layouts/application
  Rendered welcome/index.html.erb within layouts/application (0.5ms)
Completed 200 OK in 62ms (Views: 57.5ms)


Started GET "/articles/new" for 127.0.0.1 at 2017-12-23 01:29:30 -0500
Processing by ArticlesController#new as HTML
  Rendering articles/new.html.erb within layouts/application
  Rendered articles/new.html.erb within layouts/application (1.7ms)
Completed 200 OK in 41ms (Views: 35.9ms)


Started GET "/articles/new" for 127.0.0.1 at 2017-12-24 13:26:57 -0500
Processing by ArticlesController#new as HTML
  Rendering articles/new.html.erb within layouts/application
  Rendered articles/new.html.erb within layouts/application (36.8ms)
Completed 200 OK in 213ms (Views: 183.0ms)


